2021-02-22 9:13:57  147.92.150.197  kirito攻擊，asuna受到 300 點傷害asuna攻擊，kirito受到 300 點傷害kirito攻擊，asuna受到 300 點傷害asuna攻擊，kirito受到 300 點傷害kirito攻擊，asuna受到 300 點傷害asuna攻擊，kirito受到 300 點傷害kirito攻擊，asuna受到 300 點傷害asuna攻擊，kirito受到 300 點傷害kirito攻擊，asuna受到 300 點傷害asuna攻擊，kirito受到 300 點傷害kirito攻擊，asuna受到 300 點傷害asuna攻擊，kirito受到 300 點傷害kirito攻擊，asuna受到 300 點傷害asuna攻擊，kirito受到 300 點傷害kirito攻擊，asuna受到 300 點傷害asuna攻擊，kirito受到 300 點傷害kirito攻擊，asuna受到 300 點傷害asuna攻擊，kirito受到 300 點傷害kirito攻擊，asuna受到 300 點傷害asuna攻擊，kirito受到 300 點傷害kirito攻擊，asuna受到 300 點傷害asuna攻擊，kirito受到 300 點傷害kirito攻擊，asuna受到 300 點傷害asuna攻擊，kirito受到 300 點傷害kirito攻擊，asuna受到 300 點傷害asuna攻擊，kirito受到 300 點傷害kirito攻擊，asuna受到 300 點傷害asuna攻擊，kirito受到 300 點傷害kirito攻擊，asuna受到 300 點傷害asuna攻擊，kirito受到 300 點傷害kirito攻擊，asuna受到 300 點傷害asuna攻擊，kirito受到 300 點傷害kirito攻擊，asuna受到 300 點傷害asuna攻擊，kirito受到 300 點傷害kirito攻擊，asuna受到 300 點傷害asuna攻擊，kirito受到 300 點傷害kirito攻擊，asuna受到 300 點傷害asuna攻擊，kirito受到 300 點傷害kirito攻擊，asuna受到 300 點傷害asuna攻擊，kirito受到 300 點傷害kirito攻擊，asuna受到 300 點傷害asuna攻擊，kirito受到 300 點傷害kirito攻擊，asuna受到 300 點傷害asuna攻擊，kirito受到 300 點傷害kirito攻擊，asuna受到 300 點傷害asuna攻擊，kirito受到 300 點傷害kirito攻擊，asuna受到 300 點傷害asuna攻擊，kirito受到 300 點傷害kirito攻擊，asuna受到 300 點傷害asuna攻擊，kirito受到 300 點傷害kirito攻擊，asuna受到 300 點傷害asuna攻擊，kirito受到 300 點傷害kirito攻擊，asuna受到 300 點傷害asuna攻擊，kirito受到 300 點傷害kirito攻擊，asuna受到 300 點傷害asuna攻擊，kirito受到 300 點傷害kirito攻擊，asuna受到 300 點傷害asuna攻擊，kirito受到 300 點傷害kirito攻擊，asuna受到 300 點傷害asuna攻擊，kirito受到 300 點傷害kirito攻擊，asuna受到 300 點傷害asuna攻擊，kirito受到 300 點傷害kirito攻擊，asuna受到 300 點傷害asuna攻擊，kirito受到 300 點傷害kirito攻擊，asuna受到 300 點傷害asuna攻擊，kirito受到 300 點傷害kirito攻擊，asuna受到 300 點傷害asuna攻擊，kirito受到 300 點傷害kirito攻擊，asuna受到 300 點傷害asuna攻擊，kirito受到 300 點傷害kirito攻擊，asuna受到 300 點傷害asuna攻擊，kirito受到 300 點傷害kirito攻擊，asuna受到 300 點傷害asuna攻擊，kirito受到 300 點傷害kirito攻擊，asuna受到 300 點傷害asuna攻擊，kirito受到 300 點傷害kirito攻擊，asuna受到 300 點傷害asuna攻擊，kirito受到 300 點傷害kirito攻擊，asuna受到 300 點傷害asuna攻擊，kirito受到 300 點傷害kirito攻擊，asuna受到 300 點傷害asuna攻擊，kirito受到 300 點傷害kirito攻擊，asuna受到 300 點傷害asuna已經死亡，kirito還剩下200 hp
2021-02-22 9:14:28  147.92.150.197  kirito攻擊，asuna受到 300 點傷害
asuna攻擊，kirito受到 300 點傷害
kirito攻擊，asuna受到 300 點傷害
asuna攻擊，kirito受到 300 點傷害
kirito攻擊，asuna受到 300 點傷害
asuna攻擊，kirito受到 300 點傷害
kirito攻擊，asuna受到 300 點傷害
asuna攻擊，kirito受到 300 點傷害
kirito攻擊，asuna受到 300 點傷害
asuna攻擊，kirito受到 300 點傷害
kirito攻擊，asuna受到 300 點傷害
asuna攻擊，kirito受到 300 點傷害
kirito攻擊，asuna受到 300 點傷害
asuna攻擊，kirito受到 300 點傷害
kirito攻擊，asuna受到 300 點傷害
asuna攻擊，kirito受到 300 點傷害
kirito攻擊，asuna受到 300 點傷害
asuna攻擊，kirito受到 300 點傷害
kirito攻擊，asuna受到 300 點傷害
asuna攻擊，kirito受到 300 點傷害
kirito攻擊，asuna受到 300 點傷害
asuna攻擊，kirito受到 300 點傷害
kirito攻擊，asuna受到 300 點傷害
asuna攻擊，kirito受到 300 點傷害
kirito攻擊，asuna受到 300 點傷害
asuna攻擊，kirito受到 300 點傷害
kirito攻擊，asuna受到 300 點傷害
asuna攻擊，kirito受到 300 點傷害
kirito攻擊，asuna受到 300 點傷害
asuna攻擊，kirito受到 300 點傷害
kirito攻擊，asuna受到 300 點傷害
asuna攻擊，kirito受到 300 點傷害
kirito攻擊，asuna受到 300 點傷害
asuna攻擊，kirito受到 300 點傷害
kirito攻擊，asuna受到 300 點傷害
asuna攻擊，kirito受到 300 點傷害
kirito攻擊，asuna受到 300 點傷害
asuna攻擊，kirito受到 300 點傷害
kirito攻擊，asuna受到 300 點傷害
asuna攻擊，kirito受到 300 點傷害
kirito攻擊，asuna受到 300 點傷害
asuna攻擊，kirito受到 300 點傷害
kirito攻擊，asuna受到 300 點傷害
asuna攻擊，kirito受到 300 點傷害
kirito攻擊，asuna受到 300 點傷害
asuna攻擊，kirito受到 300 點傷害
kirito攻擊，asuna受到 300 點傷害
asuna攻擊，kirito受到 300 點傷害
kirito攻擊，asuna受到 300 點傷害
asuna攻擊，kirito受到 300 點傷害
kirito攻擊，asuna受到 300 點傷害
asuna攻擊，kirito受到 300 點傷害
kirito攻擊，asuna受到 300 點傷害
asuna攻擊，kirito受到 300 點傷害
kirito攻擊，asuna受到 300 點傷害
asuna攻擊，kirito受到 300 點傷害
kirito攻擊，asuna受到 300 點傷害
asuna攻擊，kirito受到 300 點傷害
kirito攻擊，asuna受到 300 點傷害
asuna攻擊，kirito受到 300 點傷害
kirito攻擊，asuna受到 300 點傷害
asuna攻擊，kirito受到 300 點傷害
kirito攻擊，asuna受到 300 點傷害
asuna攻擊，kirito受到 300 點傷害
kirito攻擊，asuna受到 300 點傷害
asuna攻擊，kirito受到 300 點傷害
kirito攻擊，asuna受到 300 點傷害
asuna攻擊，kirito受到 300 點傷害
kirito攻擊，asuna受到 300 點傷害
asuna攻擊，kirito受到 300 點傷害
kirito攻擊，asuna受到 300 點傷害
asuna攻擊，kirito受到 300 點傷害
kirito攻擊，asuna受到 300 點傷害
asuna攻擊，kirito受到 300 點傷害
kirito攻擊，asuna受到 300 點傷害
asuna攻擊，kirito受到 300 點傷害
kirito攻擊，asuna受到 300 點傷害
asuna攻擊，kirito受到 300 點傷害
kirito攻擊，asuna受到 300 點傷害
asuna攻擊，kirito受到 300 點傷害
kirito攻擊，asuna受到 300 點傷害
asuna攻擊，kirito受到 300 點傷害
kirito攻擊，asuna受到 300 點傷害
asuna已經死亡，kirito還剩下200 hp
2021-02-22 9:20:46  147.92.150.197  asuna擋下了攻擊
asuna攻擊，kirito受到 300 點傷害
kirito攻擊，asuna受到 300 點傷害
kirito擋下了攻擊
kirito攻擊，asuna受到 300 點傷害
kirito擋下了攻擊
kirito攻擊，asuna受到 300 點傷害
asuna攻擊，kirito受到 300 點傷害
asuna擋下了攻擊
asuna攻擊，kirito受到 300 點傷害
kirito攻擊，asuna受到 300 點傷害
kirito擋下了攻擊
kirito攻擊，asuna受到 300 點傷害
kirito擋下了攻擊
kirito攻擊，asuna受到 300 點傷害
asuna攻擊，kirito受到 300 點傷害
kirito攻擊，asuna受到 300 點傷害
asuna攻擊，kirito受到 300 點傷害
asuna擋下了攻擊
asuna攻擊，kirito受到 300 點傷害
kirito攻擊，asuna受到 300 點傷害
kirito擋下了攻擊
asuna擋下了攻擊
kirito擋下了攻擊
kirito攻擊，asuna受到 300 點傷害
asuna攻擊，kirito受到 300 點傷害
kirito攻擊，asuna受到 300 點傷害
asuna攻擊，kirito受到 300 點傷害
kirito攻擊，asuna受到 300 點傷害
kirito擋下了攻擊
kirito攻擊，asuna受到 300 點傷害
kirito擋下了攻擊
kirito攻擊，asuna受到 300 點傷害
kirito擋下了攻擊
kirito攻擊，asuna受到 300 點傷害
kirito擋下了攻擊
kirito攻擊，asuna受到 300 點傷害
asuna攻擊，kirito受到 300 點傷害
kirito攻擊，asuna受到 300 點傷害
asuna攻擊，kirito受到 300 點傷害
asuna擋下了攻擊
asuna攻擊，kirito受到 300 點傷害
kirito攻擊，asuna受到 300 點傷害
asuna已經死亡，kirito還剩下1700 hp
2021-02-22 9:21:17  147.92.150.197  kirito攻擊，asuna受到 1 點傷害
asuna攻擊，kirito受到 1 點傷害
kirito攻擊，asuna受到 1 點傷害
kirito擋下了攻擊
kirito攻擊，asuna受到 1 點傷害
kirito擋下了攻擊
asuna擋下了攻擊
asuna攻擊，kirito受到 1 點傷害
asuna擋下了攻擊
asuna攻擊，kirito受到 1 點傷害
kirito攻擊，asuna受到 1 點傷害
asuna攻擊，kirito受到 1 點傷害
asuna擋下了攻擊
kirito擋下了攻擊
asuna擋下了攻擊
asuna攻擊，kirito受到 1 點傷害
kirito攻擊，asuna受到 1 點傷害
asuna攻擊，kirito受到 1 點傷害
kirito攻擊，asuna受到 1 點傷害
asuna攻擊，kirito受到 1 點傷害
asuna擋下了攻擊
asuna攻擊，kirito受到 1 點傷害
kirito攻擊，asuna受到 1 點傷害
asuna攻擊，kirito受到 1 點傷害
asuna擋下了攻擊
asuna攻擊，kirito受到 1 點傷害
kirito已經死亡，asuna還剩下3 hp
2021-02-22 9:29:18  147.92.150.197  kirito攻擊，asuna受到 35 點傷害
kirito擋下了攻擊
asuna擋下了攻擊
asuna攻擊，kirito受到 34 點傷害
kirito攻擊，asuna受到 45 點傷害
asuna致命一擊，kirito受到 55.5 點傷害
kirito攻擊，asuna受到 24 點傷害
kirito擋下了攻擊
asuna擋下了攻擊
kirito擋下了攻擊
kirito攻擊，asuna受到 37 點傷害
asuna攻擊，kirito受到 85 點傷害
asuna擋下了攻擊
asuna攻擊，kirito受到 69 點傷害
kirito攻擊，asuna受到 20 點傷害
asuna攻擊，kirito受到 82 點傷害
asuna擋下了攻擊
asuna攻擊，kirito受到 101 點傷害
asuna擋下了攻擊
asuna致命一擊，kirito受到 64.5 點傷害
kirito致命一擊，asuna受到 34.5 點傷害
asuna攻擊，kirito受到 69 點傷害
kirito致命一擊，asuna受到 73.5 點傷害
asuna攻擊，kirito受到 72 點傷害
asuna擋下了攻擊
asuna攻擊，kirito受到 68 點傷害
asuna擋下了攻擊
asuna攻擊，kirito受到 60 點傷害
kirito致命一擊，asuna受到 112.5 點傷害
asuna攻擊，kirito受到 44 點傷害
kirito攻擊，asuna受到 89 點傷害
asuna攻擊，kirito受到 78 點傷害
asuna擋下了攻擊
asuna攻擊，kirito受到 54 點傷害
asuna擋下了攻擊
asuna致命一擊，kirito受到 55.5 點傷害
kirito致命一擊，asuna受到 43.5 點傷害
asuna攻擊，kirito受到 74 點傷害
kirito致命一擊，asuna受到 75 點傷害
asuna攻擊，kirito受到 36 點傷害
asuna擋下了攻擊
kirito擋下了攻擊
kirito攻擊，asuna受到 38 點傷害
kirito擋下了攻擊
kirito攻擊，asuna受到 15 點傷害
asuna致命一擊，kirito受到 118.5 點傷害
asuna擋下了攻擊
kirito擋下了攻擊
asuna擋下了攻擊
kirito擋下了攻擊
asuna擋下了攻擊
asuna致命一擊，kirito受到 151.5 點傷害
kirito攻擊，asuna受到 36 點傷害
asuna攻擊，kirito受到 83 點傷害
asuna擋下了攻擊
asuna攻擊，kirito受到 67 點傷害
kirito攻擊，asuna受到 68 點傷害
kirito擋下了攻擊
asuna擋下了攻擊
asuna攻擊，kirito受到 58 點傷害
kirito已經死亡，asuna還剩下40 hp
2021-02-22 9:30:16  147.92.150.197  kirito致命一擊，asuna受到 153 點傷害
asuna攻擊，kirito受到 13 點傷害
asuna擋下了攻擊
asuna攻擊，kirito受到 106 點傷害
kirito攻擊，asuna受到 32 點傷害
asuna攻擊，kirito受到 38 點傷害
kirito攻擊，asuna受到 93 點傷害
kirito擋下了攻擊
asuna擋下了攻擊
asuna攻擊，kirito受到 59 點傷害
kirito攻擊，asuna受到 84 點傷害
asuna攻擊，kirito受到 69 點傷害
kirito攻擊，asuna受到 103 點傷害
asuna攻擊，kirito受到 53 點傷害
kirito致命一擊，asuna受到 48 點傷害
asuna攻擊，kirito受到 57 點傷害
kirito攻擊，asuna受到 47 點傷害
kirito擋下了攻擊
kirito攻擊，asuna受到 11 點傷害
asuna攻擊，kirito受到 62 點傷害
kirito攻擊，asuna受到 30 點傷害
asuna致命一擊，kirito受到 78 點傷害
kirito致命一擊，asuna受到 33 點傷害
asuna攻擊，kirito受到 53 點傷害
asuna擋下了攻擊
asuna攻擊，kirito受到 48 點傷害
kirito攻擊，asuna受到 39 點傷害
asuna攻擊，kirito受到 80 點傷害
asuna擋下了攻擊
asuna攻擊，kirito受到 25 點傷害
asuna擋下了攻擊
kirito擋下了攻擊
kirito攻擊，asuna受到 68 點傷害
asuna攻擊，kirito受到 96 點傷害
kirito攻擊，asuna受到 92 點傷害
asuna致命一擊，kirito受到 69 點傷害
asuna擋下了攻擊
asuna攻擊，kirito受到 7 點傷害
asuna擋下了攻擊
kirito擋下了攻擊
kirito致命一擊，asuna受到 103 點傷害
asuna攻擊，kirito受到 67 點傷害
kirito攻擊，asuna受到 70 點傷害
kirito擋下了攻擊
asuna擋下了攻擊
asuna攻擊，kirito受到 74 點傷害
kirito致命一擊，asuna受到 97 點傷害
kirito擋下了攻擊
kirito攻擊，asuna受到 55 點傷害
asuna攻擊，kirito受到 56 點傷害
kirito已經死亡，asuna還剩下28 hp
2021-02-22 9:31:48  147.92.150.197  asuna擋下了攻擊
asuna致命一擊，kirito受到 99 點傷害
asuna擋下了攻擊
kirito擋下了攻擊
kirito攻擊，asuna受到 32 點傷害
asuna攻擊，kirito受到 98 點傷害
kirito已經死亡，asuna還剩下68 hp
2021-02-22 9:31:59  147.92.150.197  asuna擋下了攻擊
asuna攻擊，kirito受到 33 點傷害
asuna擋下了攻擊
asuna攻擊，kirito受到 38 點傷害
asuna擋下了攻擊
asuna攻擊，kirito受到 64 點傷害
kirito已經死亡，asuna還剩下100 hp
2021-02-22 9:32:36  147.92.150.197  kip致命一擊，sam受到 76 點傷害
kip擋下了攻擊
kip攻擊，sam受到 13 點傷害
sam致命一擊，kip受到 25 點傷害
sam擋下了攻擊
sam攻擊，kip受到 100 點傷害
kip已經死亡，sam還剩下11 hp
2021-02-22 9:34:39  147.92.150.197  戰鬥開始kip攻擊，sam受到 70 點傷害
sam攻擊，kip受到 55 點傷害
sam擋下了攻擊
sam攻擊，kip受到 67 點傷害
kip已經死亡，sam還剩下30 hp
2021-02-22 9:34:59  147.92.150.197  戰鬥開始sam擋下了攻擊
sam攻擊，kip受到 12 點傷害
kip攻擊，sam受到 10 點傷害
sam攻擊，kip受到 13 點傷害
kip攻擊，sam受到 15 點傷害
sam攻擊，kip受到 11 點傷害
kip攻擊，sam受到 10 點傷害
kip擋下了攻擊
kip攻擊，sam受到 9 點傷害
sam攻擊，kip受到 13 點傷害
kip攻擊，sam受到 11 點傷害
sam攻擊，kip受到 12 點傷害
kip攻擊，sam受到 16 點傷害
sam攻擊，kip受到 7 點傷害
sam擋下了攻擊
kip擋下了攻擊
sam擋下了攻擊
sam攻擊，kip受到 10 點傷害
sam擋下了攻擊
kip擋下了攻擊
sam擋下了攻擊
sam攻擊，kip受到 7 點傷害
kip攻擊，sam受到 9 點傷害
sam攻擊，kip受到 16 點傷害
kip已經死亡，sam還剩下20 hp
2021-02-22 9:35:12  147.92.150.197  戰鬥開始kip攻擊，sam受到 23 點傷害
sam攻擊，kip受到 22 點傷害
kip攻擊，sam受到 19 點傷害
sam攻擊，kip受到 12 點傷害
kip攻擊，sam受到 17 點傷害
sam致命一擊，kip受到 33 點傷害
kip攻擊，sam受到 24 點傷害
kip擋下了攻擊
kip致命一擊，sam受到 27 點傷害
sam已經死亡，kip還剩下33 hp
2021-02-22 9:35:23  147.92.150.197  戰鬥開始
kip攻擊，sam受到 8 點傷害
sam攻擊，kip受到 13 點傷害
kip攻擊，sam受到 8 點傷害
kip擋下了攻擊
kip攻擊，sam受到 21 點傷害
sam攻擊，kip受到 9 點傷害
kip攻擊，sam受到 21 點傷害
kip擋下了攻擊
kip攻擊，sam受到 17 點傷害
sam致命一擊，kip受到 12 點傷害
kip攻擊，sam受到 18 點傷害
sam攻擊，kip受到 23 點傷害
kip攻擊，sam受到 11 點傷害
sam已經死亡，kip還剩下43 hp
2021-02-22 9:35:55  147.92.150.197  戰鬥開始
kip攻擊，sam受到 46 點傷害
sam攻擊，kip受到 47 點傷害
kip攻擊，sam受到 23 點傷害
sam攻擊，kip受到 32 點傷害
kip攻擊，sam受到 16 點傷害
sam攻擊，kip受到 36 點傷害
kip已經死亡，sam還剩下15 hp
2021-02-22 9:35:58  147.92.150.197  戰鬥開始
kip攻擊，sam受到 7 點傷害
kip擋下了攻擊
kip攻擊，sam受到 50 點傷害
kip擋下了攻擊
kip攻擊，sam受到 13 點傷害
kip擋下了攻擊
sam擋下了攻擊
sam致命一擊，kip受到 18 點傷害
sam擋下了攻擊
sam攻擊，kip受到 56 點傷害
sam擋下了攻擊
sam攻擊，kip受到 31 點傷害
kip已經死亡，sam還剩下30 hp
2021-02-22 9:36:00  147.92.150.197  戰鬥開始
kip攻擊，sam受到 27 點傷害
sam攻擊，kip受到 21 點傷害
kip致命一擊，sam受到 82 點傷害
sam已經死亡，kip還剩下79 hp
2021-02-22 9:36:01  147.92.150.197  戰鬥開始
kip攻擊，sam受到 54 點傷害
kip擋下了攻擊
kip致命一擊，sam受到 69 點傷害
sam已經死亡，kip還剩下100 hp
2021-02-22 9:36:03  147.92.150.197  戰鬥開始
sam擋下了攻擊
sam致命一擊，kip受到 60 點傷害
kip攻擊，sam受到 9 點傷害
sam攻擊，kip受到 20 點傷害
kip攻擊，sam受到 13 點傷害
kip擋下了攻擊
kip攻擊，sam受到 11 點傷害
kip擋下了攻擊
sam擋下了攻擊
kip擋下了攻擊
sam擋下了攻擊
sam攻擊，kip受到 10 點傷害
kip攻擊，sam受到 11 點傷害
sam攻擊，kip受到 55 點傷害
kip已經死亡，sam還剩下56 hp
2021-02-22 9:36:04  147.92.150.197  戰鬥開始
kip致命一擊，sam受到 27 點傷害
sam攻擊，kip受到 48 點傷害
kip攻擊，sam受到 56 點傷害
sam致命一擊，kip受到 18 點傷害
kip攻擊，sam受到 12 點傷害
kip擋下了攻擊
sam擋下了攻擊
sam攻擊，kip受到 11 點傷害
sam擋下了攻擊
sam攻擊，kip受到 55 點傷害
kip已經死亡，sam還剩下5 hp
2021-02-22 9:36:06  147.92.150.197  戰鬥開始
kip攻擊，sam受到 38 點傷害
sam攻擊，kip受到 47 點傷害
sam擋下了攻擊
sam攻擊，kip受到 20 點傷害
kip攻擊，sam受到 14 點傷害
kip擋下了攻擊
kip攻擊，sam受到 33 點傷害
sam攻擊，kip受到 26 點傷害
kip攻擊，sam受到 44 點傷害
sam已經死亡，kip還剩下7 hp
2021-02-22 9:36:07  147.92.150.197  戰鬥開始
kip攻擊，sam受到 15 點傷害
kip擋下了攻擊
kip致命一擊，sam受到 36 點傷害
sam致命一擊，kip受到 28 點傷害
kip攻擊，sam受到 32 點傷害
sam致命一擊，kip受到 78 點傷害
kip已經死亡，sam還剩下17 hp
2021-02-22 9:36:17  147.92.150.197  戰鬥開始
kip攻擊，sam受到 52 點傷害
kip擋下了攻擊
kip致命一擊，sam受到 25 點傷害
sam攻擊，kip受到 37 點傷害
kip致命一擊，sam受到 51 點傷害
sam已經死亡，kip還剩下63 hp
2021-02-22 9:36:18  147.92.150.197  戰鬥開始
kip致命一擊，sam受到 58 點傷害
sam攻擊，kip受到 15 點傷害
kip致命一擊，sam受到 16 點傷害
sam攻擊，kip受到 41 點傷害
sam擋下了攻擊
sam攻擊，kip受到 30 點傷害
sam擋下了攻擊
kip擋下了攻擊
kip攻擊，sam受到 37 點傷害
sam已經死亡，kip還剩下14 hp
2021-02-22 9:36:19  147.92.150.197  戰鬥開始
sam擋下了攻擊
sam攻擊，kip受到 42 點傷害
kip攻擊，sam受到 44 點傷害
sam攻擊，kip受到 57 點傷害
kip攻擊，sam受到 65 點傷害
sam已經死亡，kip還剩下1 hp
2021-02-22 9:36:20  147.92.150.197  戰鬥開始
sam擋下了攻擊
kip擋下了攻擊
sam擋下了攻擊
kip擋下了攻擊
kip攻擊，sam受到 35 點傷害
kip擋下了攻擊
kip攻擊，sam受到 36 點傷害
sam攻擊，kip受到 17 點傷害
sam擋下了攻擊
sam致命一擊，kip受到 63 點傷害
kip攻擊，sam受到 12 點傷害
sam攻擊，kip受到 33 點傷害
kip已經死亡，sam還剩下17 hp
2021-02-22 9:36:21  147.92.150.197  戰鬥開始
kip致命一擊，sam受到 51 點傷害
sam攻擊，kip受到 30 點傷害
kip致命一擊，sam受到 91 點傷害
sam已經死亡，kip還剩下70 hp
2021-02-22 9:36:23  147.92.150.197  戰鬥開始
kip攻擊，sam受到 49 點傷害
sam攻擊，kip受到 44 點傷害
sam擋下了攻擊
sam攻擊，kip受到 40 點傷害
kip攻擊，sam受到 14 點傷害
sam攻擊，kip受到 21 點傷害
kip已經死亡，sam還剩下37 hp
2021-02-22 9:36:31  147.92.150.197  戰鬥開始
sam擋下了攻擊
sam攻擊，kip受到 66 點傷害
kip攻擊，sam受到 53 點傷害
kip擋下了攻擊
kip攻擊，sam受到 14 點傷害
sam攻擊，kip受到 40 點傷害
kip已經死亡，sam還剩下33 hp
2021-02-22 9:36:32  147.92.150.197  戰鬥開始
kip攻擊，sam受到 65 點傷害
sam攻擊，kip受到 7 點傷害
kip攻擊，sam受到 45 點傷害
sam已經死亡，kip還剩下93 hp
2021-02-22 9:36:33  147.92.150.197  戰鬥開始
kip攻擊，sam受到 71 點傷害
kip擋下了攻擊
kip攻擊，sam受到 59 點傷害
sam已經死亡，kip還剩下100 hp
2021-02-22 9:36:34  147.92.150.197  戰鬥開始
kip攻擊，sam受到 49 點傷害
sam攻擊，kip受到 35 點傷害
kip攻擊，sam受到 47 點傷害
kip擋下了攻擊
kip攻擊，sam受到 60 點傷害
sam已經死亡，kip還剩下65 hp
2021-02-22 9:36:35  147.92.150.197  戰鬥開始
kip致命一擊，sam受到 31 點傷害
kip擋下了攻擊
sam擋下了攻擊
sam致命一擊，kip受到 60 點傷害
kip攻擊，sam受到 31 點傷害
sam攻擊，kip受到 20 點傷害
kip攻擊，sam受到 57 點傷害
sam已經死亡，kip還剩下20 hp
2021-02-22 9:36:36  147.92.150.197  戰鬥開始
kip攻擊，sam受到 24 點傷害
sam致命一擊，kip受到 70 點傷害
kip攻擊，sam受到 12 點傷害
kip擋下了攻擊
sam擋下了攻擊
sam攻擊，kip受到 65 點傷害
kip已經死亡，sam還剩下64 hp
2021-02-22 9:36:37  147.92.150.197  戰鬥開始
kip致命一擊，sam受到 54 點傷害
kip擋下了攻擊
kip攻擊，sam受到 14 點傷害
sam攻擊，kip受到 53 點傷害
sam擋下了攻擊
sam攻擊，kip受到 33 點傷害
kip攻擊，sam受到 46 點傷害
sam已經死亡，kip還剩下14 hp
2021-02-22 9:36:39  147.92.150.197  戰鬥開始
kip致命一擊，sam受到 60 點傷害
kip擋下了攻擊
sam擋下了攻擊
sam攻擊，kip受到 76 點傷害
sam擋下了攻擊
sam攻擊，kip受到 17 點傷害
kip攻擊，sam受到 50 點傷害
sam已經死亡，kip還剩下7 hp
2021-02-22 9:36:40  147.92.150.197  戰鬥開始
kip攻擊，sam受到 47 點傷害
kip擋下了攻擊
kip攻擊，sam受到 27 點傷害
kip擋下了攻擊
sam擋下了攻擊
sam攻擊，kip受到 35 點傷害
kip攻擊，sam受到 53 點傷害
sam已經死亡，kip還剩下65 hp
2021-02-22 9:36:41  147.92.150.197  戰鬥開始
kip攻擊，sam受到 48 點傷害
sam攻擊，kip受到 45 點傷害
kip攻擊，sam受到 61 點傷害
sam已經死亡，kip還剩下55 hp
2021-02-22 9:36:42  147.92.150.197  戰鬥開始
kip攻擊，sam受到 20 點傷害
sam攻擊，kip受到 29 點傷害
kip攻擊，sam受到 61 點傷害
sam攻擊，kip受到 11 點傷害
kip攻擊，sam受到 34 點傷害
sam已經死亡，kip還剩下60 hp
2021-02-22 9:36:43  147.92.150.197  戰鬥開始
kip攻擊，sam受到 40 點傷害
sam攻擊，kip受到 15 點傷害
kip攻擊，sam受到 39 點傷害
kip擋下了攻擊
kip攻擊，sam受到 36 點傷害
sam已經死亡，kip還剩下85 hp
2021-02-22 9:36:44  147.92.150.197  戰鬥開始
kip致命一擊，sam受到 45 點傷害
sam攻擊，kip受到 26 點傷害
kip攻擊，sam受到 33 點傷害
sam攻擊，kip受到 34 點傷害
kip攻擊，sam受到 11 點傷害
sam攻擊，kip受到 45 點傷害
kip已經死亡，sam還剩下11 hp
2021-02-22 9:36:45  147.92.150.197  戰鬥開始
kip攻擊，sam受到 68 點傷害
sam攻擊，kip受到 72 點傷害
kip攻擊，sam受到 32 點傷害
sam已經死亡，kip還剩下28 hp
2021-02-22 9:36:46  147.92.150.197  戰鬥開始
kip攻擊，sam受到 13 點傷害
kip擋下了攻擊
sam擋下了攻擊
sam致命一擊，kip受到 84 點傷害
kip攻擊，sam受到 59 點傷害
kip擋下了攻擊
kip攻擊，sam受到 18 點傷害
sam攻擊，kip受到 72 點傷害
kip已經死亡，sam還剩下10 hp
2021-02-22 9:36:48  147.92.150.197  戰鬥開始
kip致命一擊，sam受到 63 點傷害
sam攻擊，kip受到 26 點傷害
sam擋下了攻擊
kip擋下了攻擊
kip攻擊，sam受到 11 點傷害
sam攻擊，kip受到 38 點傷害
kip攻擊，sam受到 70 點傷害
sam已經死亡，kip還剩下36 hp
2021-02-22 9:36:49  147.92.150.197  戰鬥開始
kip攻擊，sam受到 48 點傷害
kip擋下了攻擊
kip攻擊，sam受到 73 點傷害
sam已經死亡，kip還剩下100 hp
2021-02-22 9:36:50  147.92.150.197  戰鬥開始
kip攻擊，sam受到 76 點傷害
sam攻擊，kip受到 70 點傷害
sam擋下了攻擊
sam攻擊，kip受到 44 點傷害
kip已經死亡，sam還剩下24 hp
2021-02-22 9:36:52  147.92.150.197  戰鬥開始
sam擋下了攻擊
kip擋下了攻擊
sam擋下了攻擊
sam致命一擊，kip受到 49 點傷害
sam擋下了攻擊
kip擋下了攻擊
kip攻擊，sam受到 68 點傷害
kip擋下了攻擊
kip攻擊，sam受到 7 點傷害
sam攻擊，kip受到 21 點傷害
sam擋下了攻擊
sam致命一擊，kip受到 102 點傷害
kip已經死亡，sam還剩下25 hp
